03-Oct-2018 10:32:49.027 INFO [main] org.apache.catalina.core.AprLifecycleListener.init The APR based Apache Tomcat Native library which allows optimal performance in production environments was not found on the java.library.path: /usr/java/packages/lib/amd64:/usr/lib64:/lib64:/lib:/usr/lib
03-Oct-2018 10:32:49.174 INFO [main] org.apache.coyote.AbstractProtocol.init Initializing ProtocolHandler ["http-nio-8080"]
03-Oct-2018 10:32:49.187 INFO [main] org.apache.tomcat.util.net.NioSelectorPool.getSharedSelector Using a shared selector for servlet write/read
03-Oct-2018 10:32:49.188 INFO [main] org.apache.coyote.AbstractProtocol.init Initializing ProtocolHandler ["ajp-nio-8009"]
03-Oct-2018 10:32:49.189 INFO [main] org.apache.tomcat.util.net.NioSelectorPool.getSharedSelector Using a shared selector for servlet write/read
03-Oct-2018 10:32:49.190 INFO [main] org.apache.catalina.startup.Catalina.load Initialization processed in 360 ms
03-Oct-2018 10:32:49.205 INFO [main] org.apache.catalina.core.StandardService.startInternal Starting service Catalina
03-Oct-2018 10:32:49.206 INFO [main] org.apache.catalina.core.StandardEngine.startInternal Starting Servlet Engine: Apache Tomcat/8.0.12
03-Oct-2018 10:32:49.213 INFO [localhost-startStop-1] org.apache.catalina.startup.HostConfig.deployDirectory Deploying web application directory /home/infoetu/spilmonm/TPs/Prog Web/tomcat8/webapps/ROOT
03-Oct-2018 10:32:49.364 INFO [localhost-startStop-1] org.apache.catalina.startup.HostConfig.deployDirectory Deployment of web application directory /home/infoetu/spilmonm/TPs/Prog Web/tomcat8/webapps/ROOT has finished in 151 ms
03-Oct-2018 10:32:49.364 INFO [localhost-startStop-1] org.apache.catalina.startup.HostConfig.deployDirectory Deploying web application directory /home/infoetu/spilmonm/TPs/Prog Web/tomcat8/webapps/vide
03-Oct-2018 10:32:49.414 INFO [localhost-startStop-1] org.apache.catalina.startup.HostConfig.deployDirectory Deployment of web application directory /home/infoetu/spilmonm/TPs/Prog Web/tomcat8/webapps/vide has finished in 50 ms
03-Oct-2018 10:32:49.414 INFO [localhost-startStop-1] org.apache.catalina.startup.HostConfig.deployDirectory Deploying web application directory /home/infoetu/spilmonm/TPs/Prog Web/tomcat8/webapps/manager
03-Oct-2018 10:32:49.454 INFO [localhost-startStop-1] org.apache.catalina.startup.HostConfig.deployDirectory Deployment of web application directory /home/infoetu/spilmonm/TPs/Prog Web/tomcat8/webapps/manager has finished in 40 ms
03-Oct-2018 10:32:49.454 INFO [localhost-startStop-1] org.apache.catalina.startup.HostConfig.deployDirectory Deploying web application directory /home/infoetu/spilmonm/TPs/Prog Web/tomcat8/webapps/host-manager
03-Oct-2018 10:32:49.474 INFO [localhost-startStop-1] org.apache.catalina.startup.HostConfig.deployDirectory Deployment of web application directory /home/infoetu/spilmonm/TPs/Prog Web/tomcat8/webapps/host-manager has finished in 20 ms
03-Oct-2018 10:32:49.476 INFO [main] org.apache.coyote.AbstractProtocol.start Starting ProtocolHandler ["http-nio-8080"]
03-Oct-2018 10:32:49.481 INFO [main] org.apache.coyote.AbstractProtocol.start Starting ProtocolHandler ["ajp-nio-8009"]
03-Oct-2018 10:32:49.481 INFO [main] org.apache.catalina.startup.Catalina.start Server startup in 291 ms
03-Oct-2018 10:35:30.040 INFO [ContainerBackgroundProcessor[StandardEngine[Catalina]]] org.apache.catalina.startup.HostConfig.undeploy Undeploying context [/vide]
03-Oct-2018 10:35:30.059 INFO [localhost-startStop-2] org.apache.catalina.startup.HostConfig.deployDirectory Deploying web application directory /home/infoetu/spilmonm/TPs/Prog Web/tomcat8/webapps/tp2
03-Oct-2018 10:35:30.080 INFO [localhost-startStop-2] org.apache.catalina.startup.HostConfig.deployDirectory Deployment of web application directory /home/infoetu/spilmonm/TPs/Prog Web/tomcat8/webapps/tp2 has finished in 20 ms
03-Oct-2018 10:58:40.511 INFO [ContainerBackgroundProcessor[StandardEngine[Catalina]]] org.apache.catalina.core.StandardContext.reload Reloading Context with name [/tp2] has started
03-Oct-2018 10:58:40.529 INFO [ContainerBackgroundProcessor[StandardEngine[Catalina]]] org.apache.catalina.core.StandardContext.reload Reloading Context with name [/tp2] is completed
03-Oct-2018 11:00:40.558 INFO [ContainerBackgroundProcessor[StandardEngine[Catalina]]] org.apache.catalina.core.StandardContext.reload Reloading Context with name [/tp2] has started
03-Oct-2018 11:00:40.575 INFO [ContainerBackgroundProcessor[StandardEngine[Catalina]]] org.apache.catalina.core.StandardContext.reload Reloading Context with name [/tp2] is completed
03-Oct-2018 11:01:00.583 INFO [ContainerBackgroundProcessor[StandardEngine[Catalina]]] org.apache.catalina.core.StandardContext.reload Reloading Context with name [/tp2] has started
03-Oct-2018 11:01:00.602 INFO [ContainerBackgroundProcessor[StandardEngine[Catalina]]] org.apache.catalina.core.StandardContext.reload Reloading Context with name [/tp2] is completed
03-Oct-2018 11:24:41.046 INFO [ContainerBackgroundProcessor[StandardEngine[Catalina]]] org.apache.catalina.core.StandardContext.reload Reloading Context with name [/tp2] has started
03-Oct-2018 11:24:41.074 INFO [ContainerBackgroundProcessor[StandardEngine[Catalina]]] org.apache.catalina.core.StandardContext.reload Reloading Context with name [/tp2] is completed
03-Oct-2018 11:25:31.093 INFO [ContainerBackgroundProcessor[StandardEngine[Catalina]]] org.apache.catalina.core.StandardContext.reload Reloading Context with name [/tp2] has started
03-Oct-2018 11:25:31.105 INFO [ContainerBackgroundProcessor[StandardEngine[Catalina]]] org.apache.catalina.core.StandardContext.reload Reloading Context with name [/tp2] is completed
03-Oct-2018 11:27:31.143 INFO [ContainerBackgroundProcessor[StandardEngine[Catalina]]] org.apache.catalina.core.StandardContext.reload Reloading Context with name [/tp2] has started
03-Oct-2018 11:27:31.169 INFO [ContainerBackgroundProcessor[StandardEngine[Catalina]]] org.apache.catalina.core.StandardContext.reload Reloading Context with name [/tp2] is completed
03-Oct-2018 15:17:51.868 INFO [Thread-5] org.apache.coyote.AbstractProtocol.pause Pausing ProtocolHandler ["http-nio-8080"]
03-Oct-2018 15:17:51.878 INFO [Thread-5] org.apache.coyote.AbstractProtocol.pause Pausing ProtocolHandler ["ajp-nio-8009"]
03-Oct-2018 15:17:51.929 INFO [Thread-5] org.apache.catalina.core.StandardService.stopInternal Stopping service Catalina
03-Oct-2018 15:17:51.969 INFO [Thread-5] org.apache.coyote.AbstractProtocol.stop Stopping ProtocolHandler ["http-nio-8080"]
03-Oct-2018 15:17:51.987 INFO [Thread-5] org.apache.coyote.AbstractProtocol.stop Stopping ProtocolHandler ["ajp-nio-8009"]
03-Oct-2018 15:17:51.997 INFO [Thread-5] org.apache.coyote.AbstractProtocol.destroy Destroying ProtocolHandler ["http-nio-8080"]
03-Oct-2018 15:17:51.998 INFO [Thread-5] org.apache.coyote.AbstractProtocol.destroy Destroying ProtocolHandler ["ajp-nio-8009"]
